<?xml version="1.0" encoding="UTF-8"?>
<testng-results ignored="0" total="1" passed="1" failed="0" skipped="0">
  <reporter-output>
  </reporter-output>
  <suite started-at="2024-02-06T09:50:21 IST" name="Default suite" finished-at="2024-02-06T10:12:16 IST" duration-ms="1314462">
    <groups>
    </groups>
    <test started-at="2024-02-06T09:50:21 IST" name="Default test" finished-at="2024-02-06T10:12:16 IST" duration-ms="1314462">
      <class name="test_pro.Res_test">
        <test-method is-config="true" signature="setup()[pri:0, instance:test_pro.Res_test@21282ed8]" started-at="2024-02-06T09:50:21 IST" name="setup" finished-at="2024-02-06T09:50:24 IST" duration-ms="2823" status="PASS">
          <reporter-output>
          </reporter-output>
        </test-method> <!-- setup -->
        <test-method is-config="true" signature="url()[pri:0, instance:test_pro.Res_test@21282ed8]" started-at="2024-02-06T09:50:24 IST" name="url" finished-at="2024-02-06T09:50:26 IST" duration-ms="1984" status="PASS">
          <reporter-output>
          </reporter-output>
        </test-method> <!-- url -->
        <test-method signature="test()[pri:0, instance:test_pro.Res_test@21282ed8]" started-at="2024-02-06T09:50:26 IST" name="test" finished-at="2024-02-06T10:12:15 IST" duration-ms="1308623" status="PASS">
          <reporter-output>
          </reporter-output>
        </test-method> <!-- test -->
        <test-method is-config="true" signature="close()[pri:0, instance:test_pro.Res_test@21282ed8]" started-at="2024-02-06T10:12:15 IST" name="close" finished-at="2024-02-06T10:12:16 IST" duration-ms="951" status="PASS">
          <reporter-output>
          </reporter-output>
        </test-method> <!-- close -->
      </class> <!-- test_pro.Res_test -->
    </test> <!-- Default test -->
  </suite> <!-- Default suite -->
</testng-results>
